<?xml version="1.0" encoding="UTF-8"?>
<!-- Generated by org.testng.reporters.JUnitReportReporter -->
<testsuite hostname="DESKTOP-G2S5BGV" name="com.e2eproject.QA.HomePage" tests="2" failures="0" timestamp="24 Sep 2019 15:38:31 GMT" time="19.553" errors="0">
  <testcase name="basePageNavigation" time="6.703" classname="com.e2eproject.QA.HomePage"/>
  <testcase name="basePageNavigation" time="12.850" classname="com.e2eproject.QA.HomePage"/>
</testsuite> <!-- com.e2eproject.QA.HomePage -->
