<?xml version="1.0" encoding="UTF-8"?>
<!-- Generated by org.testng.reporters.JUnitReportReporter -->
<testsuite hostname="DESKTOP-G2S5BGV" name="com.e2eproject.QA.validateNavigationBar" tests="1" failures="0" timestamp="24 Sep 2019 15:38:31 GMT" time="0.125" errors="0">
  <testcase name="validateAppNavBar" time="0.125" classname="com.e2eproject.QA.validateNavigationBar"/>
</testsuite> <!-- com.e2eproject.QA.validateNavigationBar -->
